<?xml version="1.0" encoding="UTF-8"?>
<!-- Generated by org.testng.reporters.JUnitReportReporter -->
<testsuite hostname="DESKTOP-KEHPFIU" failures="0" tests="1" name="Project.MyFrameWork.FramesPageTest" time="0.365" errors="0" timestamp="2021-02-20T17:52:12 IST" skipped="0">
  <testcase classname="Project.MyFrameWork.FramesPageTest" name="framestesting" time="0.365"/>
  <system-out/>
</testsuite> <!-- Project.MyFrameWork.FramesPageTest -->
