<?xml version="1.0" encoding="UTF-8"?>
<!-- Generated by org.testng.reporters.JUnitReportReporter -->
<testsuite hostname="DESKTOP-KEHPFIU" failures="0" tests="2" name="Project.MyFrameWork.LoginPageTest" time="0.000" errors="0" timestamp="2021-02-19T10:10:48 IST" skipped="2">
  <testcase classname="Project.MyFrameWork.LoginPageTest" name="LoginPageTest" time="0.000">
    <skipped/>
  </testcase> <!-- LoginPageTest -->
  <system-out/>
  <testcase classname="Project.MyFrameWork.LoginPageTest" name="LoginPageTest" time="0.000">
    <skipped/>
  </testcase> <!-- LoginPageTest -->
  <system-out/>
</testsuite> <!-- Project.MyFrameWork.LoginPageTest -->
