<?xml version="1.0" encoding="UTF-8"?>
<!-- Generated by org.testng.reporters.JUnitReportReporter -->
<testsuite hostname="DESKTOP-KEHPFIU" failures="0" tests="1" name="Project.MyFrameWork.HomePageTest" time="0.000" errors="0" timestamp="2021-02-19T10:10:48 IST" skipped="1">
  <testcase classname="Project.MyFrameWork.HomePageTest" name="LandingPageTest" time="0.000">
    <skipped/>
  </testcase> <!-- LandingPageTest -->
  <system-out/>
</testsuite> <!-- Project.MyFrameWork.HomePageTest -->
