<?xml version="1.0" encoding="UTF-8"?>
<!-- Generated by org.testng.reporters.JUnitReportReporter -->
<testsuite hostname="DESKTOP-KEHPFIU" failures="0" tests="2" name="Project.MyFrameWork.LoginPageTest" time="6.518" errors="0" timestamp="2021-02-19T09:22:16 IST" skipped="0">
  <testcase classname="Project.MyFrameWork.LoginPageTest" name="LoginPageTest" time="4.991"/>
  <system-out/>
  <testcase classname="Project.MyFrameWork.LoginPageTest" name="LoginPageTest" time="1.527"/>
  <system-out/>
</testsuite> <!-- Project.MyFrameWork.LoginPageTest -->
