<?xml version="1.0" encoding="UTF-8"?>
<!-- Generated by org.testng.reporters.JUnitReportReporter -->
<testsuite hostname="DESKTOP-KEHPFIU" failures="0" tests="1" name="Project.MyFrameWork.HomePage" time="0.611" errors="0" timestamp="2021-02-18T10:55:59 IST" skipped="0">
  <testcase classname="Project.MyFrameWork.HomePage" name="LandingPageTest" time="0.611"/>
  <system-out/>
</testsuite> <!-- Project.MyFrameWork.HomePage -->
