<?xml version="1.0" encoding="UTF-8"?>
<!-- Generated by org.testng.reporters.JUnitReportReporter -->
<testsuite hostname="DESKTOP-KEHPFIU" failures="0" tests="1" name="Project.MyFrameWork.HomePageTest" time="0.089" errors="0" timestamp="2021-02-19T09:22:16 IST" skipped="0">
  <testcase classname="Project.MyFrameWork.HomePageTest" name="LandingPageTest" time="0.089"/>
  <system-out/>
</testsuite> <!-- Project.MyFrameWork.HomePageTest -->
