<?xml version="1.0" encoding="UTF-8"?>
<!-- Generated by org.testng.reporters.JUnitReportReporter -->
<testsuite hostname="DESKTOP-KEHPFIU" failures="0" tests="2" name="Project.MyFrameWork.LoginPageTest" time="7.857" errors="0" timestamp="2021-02-20T17:52:12 IST" skipped="0">
  <testcase classname="Project.MyFrameWork.LoginPageTest" name="LoginPageTest" time="6.172"/>
  <system-out/>
  <testcase classname="Project.MyFrameWork.LoginPageTest" name="LoginPageTest" time="1.685"/>
  <system-out/>
</testsuite> <!-- Project.MyFrameWork.LoginPageTest -->
