<?xml version="1.0" encoding="UTF-8"?>
<!-- Generated by org.testng.reporters.JUnitReportReporter -->
<testsuite hostname="DESKTOP-KEHPFIU" failures="0" tests="2" name="Project.MyFrameWork.LoginPageTest" time="16.955" errors="0" timestamp="2021-02-18T18:40:27 IST" skipped="0">
  <testcase classname="Project.MyFrameWork.LoginPageTest" name="LoginPageTest" time="10.432"/>
  <system-out/>
  <testcase classname="Project.MyFrameWork.LoginPageTest" name="LoginPageTest" time="6.523"/>
  <system-out/>
</testsuite> <!-- Project.MyFrameWork.LoginPageTest -->
