<?xml version="1.0" encoding="UTF-8"?>
<!-- Generated by org.testng.reporters.JUnitReportReporter -->
<testsuite hostname="DESKTOP-KEHPFIU" failures="0" tests="1" name="cucumberOptions.TestRunner" time="5.942" errors="0" timestamp="2021-02-20T17:52:12 IST" skipped="0">
  <testcase classname="cucumberOptions.TestRunner" name="feature" time="5.942"/>
  <system-out/>
</testsuite> <!-- cucumberOptions.TestRunner -->
