<?xml version="1.0" encoding="UTF-8"?>
<!-- Generated by org.testng.reporters.JUnitReportReporter -->
<testsuite hostname="DESKTOP-KEHPFIU" failures="0" tests="2" name="Project.MyFrameWork.LoginPageTest" time="23.984" errors="0" timestamp="2021-02-18T20:14:57 IST" skipped="0">
  <testcase classname="Project.MyFrameWork.LoginPageTest" name="LoginPageTest" time="6.876"/>
  <system-out/>
  <testcase classname="Project.MyFrameWork.LoginPageTest" name="LoginPageTest" time="17.108"/>
  <system-out/>
</testsuite> <!-- Project.MyFrameWork.LoginPageTest -->
